Performing C SOURCE FILE Test CMAKE_HAVE_LIBC_PTHREAD failed with the following output:
Change Dir: /home/lab-307/slam_ws/src/vins-mono-note-chinese/VINS-Mono/vins_estimator/cmake-build-debug/CMakeFiles/CMakeTmp

Run Build Command(s):/usr/bin/make cmTC_96864/fast && /usr/bin/make  -f CMakeFiles/cmTC_96864.dir/build.make CMakeFiles/cmTC_96864.dir/build
make[1]: Entering directory '/home/lab-307/slam_ws/src/vins-mono-note-chinese/VINS-Mono/vins_estimator/cmake-build-debug/CMakeFiles/CMakeTmp'
Building C object CMakeFiles/cmTC_96864.dir/src.c.o
/usr/bin/cc -DCMAKE_HAVE_LIBC_PTHREAD   -o CMakeFiles/cmTC_96864.dir/src.c.o -c /home/lab-307/slam_ws/src/vins-mono-note-chinese/VINS-Mono/vins_estimator/cmake-build-debug/CMakeFiles/CMakeTmp/src.c
Linking C executable cmTC_96864
/home/lab-307/clion/clion-2021.1.1/bin/cmake/linux/bin/cmake -E cmake_link_script CMakeFiles/cmTC_96864.dir/link.txt --verbose=1
/usr/bin/cc -rdynamic CMakeFiles/cmTC_96864.dir/src.c.o -o cmTC_96864 
CMakeFiles/cmTC_96864.dir/src.c.o：在函数‘main’中：
src.c:(.text+0x3c)：对‘pthread_create’未定义的引用
src.c:(.text+0x48)：对‘pthread_detach’未定义的引用
src.c:(.text+0x54)：对‘pthread_cancel’未定义的引用
src.c:(.text+0x65)：对‘pthread_join’未定义的引用
src.c:(.text+0x79)：对‘pthread_atfork’未定义的引用
collect2: error: ld returned 1 exit status
CMakeFiles/cmTC_96864.dir/build.make:105: recipe for target 'cmTC_96864' failed
make[1]: *** [cmTC_96864] Error 1
make[1]: Leaving directory '/home/lab-307/slam_ws/src/vins-mono-note-chinese/VINS-Mono/vins_estimator/cmake-build-debug/CMakeFiles/CMakeTmp'
Makefile:140: recipe for target 'cmTC_96864/fast' failed
make: *** [cmTC_96864/fast] Error 2


Source file was:
#include <pthread.h>

static void* test_func(void* data)
{
  return data;
}

int main(void)
{
  pthread_t thread;
  pthread_create(&thread, NULL, test_func, NULL);
  pthread_detach(thread);
  pthread_cancel(thread);
  pthread_join(thread, NULL);
  pthread_atfork(NULL, NULL, NULL);
  pthread_exit(NULL);

  return 0;
}

Determining if the function pthread_create exists in the pthreads failed with the following output:
Change Dir: /home/lab-307/slam_ws/src/vins-mono-note-chinese/VINS-Mono/vins_estimator/cmake-build-debug/CMakeFiles/CMakeTmp

Run Build Command(s):/usr/bin/make cmTC_83f4f/fast && /usr/bin/make  -f CMakeFiles/cmTC_83f4f.dir/build.make CMakeFiles/cmTC_83f4f.dir/build
make[1]: Entering directory '/home/lab-307/slam_ws/src/vins-mono-note-chinese/VINS-Mono/vins_estimator/cmake-build-debug/CMakeFiles/CMakeTmp'
Building C object CMakeFiles/cmTC_83f4f.dir/CheckFunctionExists.c.o
/usr/bin/cc   -DCHECK_FUNCTION_EXISTS=pthread_create -o CMakeFiles/cmTC_83f4f.dir/CheckFunctionExists.c.o -c /home/lab-307/clion/clion-2021.1.1/bin/cmake/linux/share/cmake-3.19/Modules/CheckFunctionExists.c
Linking C executable cmTC_83f4f
/home/lab-307/clion/clion-2021.1.1/bin/cmake/linux/bin/cmake -E cmake_link_script CMakeFiles/cmTC_83f4f.dir/link.txt --verbose=1
/usr/bin/cc  -DCHECK_FUNCTION_EXISTS=pthread_create -rdynamic CMakeFiles/cmTC_83f4f.dir/CheckFunctionExists.c.o -o cmTC_83f4f  -lpthreads 
/usr/bin/ld: 找不到 -lpthreads
collect2: error: ld returned 1 exit status
CMakeFiles/cmTC_83f4f.dir/build.make:105: recipe for target 'cmTC_83f4f' failed
make[1]: *** [cmTC_83f4f] Error 1
make[1]: Leaving directory '/home/lab-307/slam_ws/src/vins-mono-note-chinese/VINS-Mono/vins_estimator/cmake-build-debug/CMakeFiles/CMakeTmp'
Makefile:140: recipe for target 'cmTC_83f4f/fast' failed
make: *** [cmTC_83f4f/fast] Error 2



